2026-07-13 16:53:56,035 - app - INFO - Executing morning job via run_jobs.py
2026-07-13 16:53:56,043 - app - INFO - Starting morning job...
2026-07-13 16:54:13,220 - app - INFO - Morning Job Status: 200
2026-07-13 16:54:13,220 - app - INFO - Response: {'message': 'Morning report generated and sent.', 'status': 'success'}
2026-07-13 16:54:31,836 - app - INFO - Executing morning job via run_jobs.py
2026-07-13 16:54:31,836 - app - INFO - Starting morning job...
2026-07-13 16:55:25,194 - app - INFO - Morning Job Status: 200
2026-07-13 16:55:25,194 - app - INFO - Response: {'message': 'Morning report generated and sent.', 'status': 'success'}
2026-07-13 17:02:54,040 - app - INFO - Executing morning job via run_jobs.py
2026-07-13 17:02:54,040 - app - INFO - Starting morning job...
2026-07-13 17:02:59,975 - app - INFO - Morning Job Status: 200
2026-07-13 17:02:59,975 - app - INFO - Response: {'message': 'Morning report generated and sent.', 'status': 'success'}
2026-07-13 17:06:34,207 - app - INFO - Executing volatility job via run_jobs.py
2026-07-13 17:06:34,207 - app - INFO - Starting volatility check...
2026-07-13 17:06:36,393 - app - INFO - Volatility Job Status: 200
2026-07-13 17:06:36,393 - app - INFO - Response: {'alerts_sent': [], 'status': 'success'}
2026-07-13 17:07:29,176 - app - INFO - Executing morning job via run_jobs.py
2026-07-13 17:07:29,176 - app - INFO - Starting morning job...
2026-07-13 17:07:40,229 - app - INFO - Morning Job Status: 200
2026-07-13 17:07:40,229 - app - INFO - Response: {'message': 'Morning report generated and sent.', 'status': 'success'}
2026-07-13 17:10:44,114 - app - INFO - Executing morning job via run_jobs.py
2026-07-13 17:10:44,114 - app - INFO - Starting morning job...
2026-07-13 17:10:52,218 - app - INFO - Morning Job Status: 200
2026-07-13 17:10:52,218 - app - INFO - Response: {'message': 'Morning report generated and sent.', 'status': 'success'}
2026-07-13 17:32:47,831 - app - INFO - Executing morning job via run_jobs.py
2026-07-13 17:32:47,840 - app - INFO - Starting morning job...
2026-07-13 17:33:10,167 - app - INFO - Morning Job Status: 200
2026-07-13 17:33:10,167 - app - INFO - Response: {'message': 'Morning report generated and sent.', 'status': 'success'}
2026-07-14 05:17:49,205 - app - INFO - Executing morning job via run_jobs.py
2026-07-14 05:17:49,205 - app - INFO - Starting morning job...
2026-07-14 05:17:52,807 - app - INFO - Morning Job Status: 200
2026-07-14 05:17:52,808 - app - INFO - Response: {'message': 'Morning report generated and sent.', 'status': 'success'}
2026-07-14 06:11:12,366 - app - INFO - Executing morning job via run_jobs.py
2026-07-14 06:11:12,367 - app - INFO - Starting morning job...
2026-07-14 06:11:16,535 - app - INFO - Morning Job Status: 200
2026-07-14 06:11:16,535 - app - INFO - Response: {'message': 'Morning report generated and sent.', 'status': 'success'}
2026-07-15 06:14:52,326 - app - INFO - Executing morning job via run_jobs.py
2026-07-15 06:14:52,327 - app - INFO - Starting morning job...
2026-07-15 06:14:57,410 - app - INFO - Morning Job Status: 200
2026-07-15 06:14:57,410 - app - INFO - Response: {'message': 'Morning report generated and sent.', 'status': 'success'}
2026-07-16 06:18:58,429 - app - INFO - Executing morning job via run_jobs.py
2026-07-16 06:18:58,429 - app - INFO - Starting morning job...
2026-07-16 06:19:03,583 - app - INFO - Morning Job Status: 200
2026-07-16 06:19:03,583 - app - INFO - Response: {'message': 'Morning report generated and sent.', 'status': 'success'}
2026-07-17 06:17:09,810 - app - INFO - Executing morning job via run_jobs.py
2026-07-17 06:17:09,810 - app - INFO - Starting morning job...
2026-07-17 06:17:13,294 - app - INFO - Morning Job Status: 200
2026-07-17 06:17:13,294 - app - INFO - Response: {'message': 'Morning report generated and sent.', 'status': 'success'}
2026-07-20 06:46:34,377 - app - INFO - Executing morning job via run_jobs.py
2026-07-20 06:46:34,377 - app - INFO - Starting morning job...
2026-07-20 06:47:03,218 - app - INFO - Morning Job Status: 200
2026-07-20 06:47:03,218 - app - INFO - Response: {'message': 'Morning report generated and sent.', 'status': 'success'}
