2026-07-13 16:54:37,014 - prediction - INFO - Training models for BANDHANBNK.NS
2026-07-13 16:54:43,010 - prediction - INFO - Training models for ADANIPOWER.NS
2026-07-13 16:54:49,612 - prediction - INFO - Training models for WSTCSTPAPR.NS
2026-07-13 16:55:04,447 - prediction - INFO - Training models for POONAWALLA.NS
2026-07-13 16:55:11,492 - prediction - INFO - Training models for ZOTA.NS
2026-07-13 16:55:18,058 - prediction - INFO - Training models for GOLDBEES.NS
2026-07-13 17:02:55,586 - prediction - INFO - Prediction history updated with actuals.
2026-07-13 17:07:32,769 - prediction - INFO - Prediction history updated with actuals.
2026-07-13 17:10:45,811 - prediction - INFO - Prediction history updated with actuals.
2026-07-13 17:32:50,707 - prediction - INFO - Prediction history updated with actuals.
2026-07-13 17:32:56,749 - prediction - INFO - Training models for RELINFRA.NS
2026-07-14 05:17:50,004 - prediction - INFO - Prediction history updated with actuals.
2026-07-14 06:11:13,553 - prediction - INFO - Prediction history updated with actuals.
2026-07-15 06:14:53,879 - prediction - INFO - Prediction history updated with actuals.
2026-07-16 06:19:00,241 - prediction - INFO - Prediction history updated with actuals.
2026-07-17 06:17:10,530 - prediction - INFO - Prediction history updated with actuals.
2026-07-20 06:46:36,729 - prediction - INFO - Prediction history updated with actuals.
2026-07-20 06:46:37,700 - prediction - INFO - Training models for BANDHANBNK.NS
2026-07-20 06:46:42,696 - prediction - INFO - Training models for ADANIPOWER.NS
2026-07-20 06:46:47,883 - prediction - INFO - Training models for WSTCSTPAPR.NS
2026-07-20 06:46:52,997 - prediction - INFO - Training models for RELINFRA.NS
2026-07-20 06:46:57,616 - prediction - INFO - Training models for GOLDBEES.NS
2026-07-21 06:28:43,909 - prediction - INFO - Prediction history updated with actuals.
2026-07-22 06:28:33,216 - prediction - INFO - Prediction history updated with actuals.
2026-07-23 06:30:57,674 - prediction - INFO - Prediction history updated with actuals.
